<?xml version="1.0" encoding="UTF-8"?>
<!-- Generated by org.testng.reporters.JUnitReportReporter -->
<testsuite skipped="0" hostname="IEITSCPU-81" name="package1.TestNGClass" tests="1" failures="0" timestamp="09 May 2018 10:27:24 GMT" time="32.227" errors="0">
  <testcase name="main" time="32.227" classname="package1.TestNGClass"/>
</testsuite> <!-- package1.TestNGClass -->
